<?xml version="1.0" encoding="UTF-8"?>
<!-- Generated by org.testng.reporters.JUnitXMLReporter -->
<testsuite hostname="JAGA" name="AccountCreationAndSignIn" tests="2" failures="1" timestamp="21 Mar 2018 03:26:33 GMT" time="63.761" errors="0">
  <testcase name="feature" time="35.738" classname="com.jaga.cucumber.framework.runner.AccountCreationPageRunner">
    <failure type="cucumber.runtime.CucumberException" message="java.lang.AssertionError: expected [My Account Information] but found [Your Account Has Been Created!]">
      <![CDATA[cucumber.runtime.CucumberException: java.lang.AssertionError: expected [My Account Information] but found [Your Account Has Been Created!]
	at cucumber.api.testng.TestNGCucumberRunner.runCucumber(TestNGCucumberRunner.java:69)
	at cucumber.api.testng.AbstractTestNGCucumberTests.feature(AbstractTestNGCucumberTests.java:21)
Caused by: java.lang.AssertionError: expected [My Account Information] but found [Your Account Has Been Created!]
	at com.jaga.cucumber.framework.pagelibrary.AccountRegistrationPage.verifySuccessAccountCreationMessage(AccountRegistrationPage.java:173)
	at com.jaga.cucumber.framework.stepdefinition.AccountCreation.AccountCreationPageDefinition.account_Creation_is_Successful(AccountCreationPageDefinition.java:112)
	at ✽.Then Account Creation is Successful(featurefile/gcrApplication/AccountRegistrationPage.feature:30)
... Removed 30 stack frames]]>
    </failure>
  </testcase> <!-- feature -->
  <testcase name="feature" time="26.78" classname="com.jaga.cucumber.framework.runner.SignInPageRunner"/>
</testsuite> <!-- AccountCreationAndSignIn -->
