<?xml version="1.0" encoding="UTF-8"?>
<!-- Generated by org.testng.reporters.JUnitXMLReporter -->
<testsuite hostname="JAGA" name="AccountCreationAndSignIn" tests="2" failures="0" timestamp="20 Mar 2018 04:23:39 GMT" time="75.465" errors="0">
  <testcase name="feature" time="43.585" classname="com.jaga.cucumber.framework.runner.AccountCreationPageRunner"/>
  <testcase name="feature" time="30.256" classname="com.jaga.cucumber.framework.runner.SignInPageRunner"/>
</testsuite> <!-- AccountCreationAndSignIn -->
