<?xml version="1.0" encoding="UTF-8"?>
<testng-results skipped="0" failed="0" total="2" passed="2">
  <reporter-output>
  </reporter-output>
  <suite name="Suite" duration-ms="75465" started-at="2018-03-20T04:22:23Z" finished-at="2018-03-20T04:23:39Z">
    <groups>
      <group name="cucumber">
        <method signature="AbstractTestNGCucumberTests.feature(cucumber.api.testng.CucumberFeatureWrapper)[pri:0, instance:com.jaga.cucumber.framework.runner.AccountCreationPageRunner@bbfa04]" name="feature" class="cucumber.api.testng.AbstractTestNGCucumberTests"/>
        <method signature="AbstractTestNGCucumberTests.feature(cucumber.api.testng.CucumberFeatureWrapper)[pri:0, instance:com.jaga.cucumber.framework.runner.SignInPageRunner@1fffcd7]" name="feature" class="cucumber.api.testng.AbstractTestNGCucumberTests"/>
      </group> <!-- cucumber -->
    </groups>
    <test name="AccountCreationAndSignIn" duration-ms="75465" started-at="2018-03-20T04:22:23Z" finished-at="2018-03-20T04:23:39Z">
      <class name="com.jaga.cucumber.framework.runner.AccountCreationPageRunner">
        <test-method status="PASS" signature="setUpClass()[pri:0, instance:com.jaga.cucumber.framework.runner.AccountCreationPageRunner@bbfa04]" name="setUpClass" is-config="true" duration-ms="651" started-at="2018-03-20T09:52:23Z" finished-at="2018-03-20T09:52:24Z">
          <reporter-output>
          </reporter-output>
        </test-method> <!-- setUpClass -->
        <test-method status="PASS" signature="feature(cucumber.api.testng.CucumberFeatureWrapper)[pri:0, instance:com.jaga.cucumber.framework.runner.AccountCreationPageRunner@bbfa04]" name="feature" duration-ms="43585" started-at="2018-03-20T09:52:24Z" description="Runs Cucumber Feature" data-provider="features" finished-at="2018-03-20T09:53:08Z">
          <params>
            <param index="0">
              <value>
                <![CDATA[Create Account and Register into the GCR application]]>
              </value>
            </param>
          </params>
          <reporter-output>
          </reporter-output>
        </test-method> <!-- feature -->
        <test-method status="PASS" signature="tearDownClass()[pri:0, instance:com.jaga.cucumber.framework.runner.AccountCreationPageRunner@bbfa04]" name="tearDownClass" is-config="true" duration-ms="375" started-at="2018-03-20T09:53:08Z" finished-at="2018-03-20T09:53:08Z">
          <reporter-output>
          </reporter-output>
        </test-method> <!-- tearDownClass -->
      </class> <!-- com.jaga.cucumber.framework.runner.AccountCreationPageRunner -->
      <class name="com.jaga.cucumber.framework.runner.SignInPageRunner">
        <test-method status="PASS" signature="setUpClass()[pri:0, instance:com.jaga.cucumber.framework.runner.SignInPageRunner@1fffcd7]" name="setUpClass" is-config="true" duration-ms="99" started-at="2018-03-20T09:53:08Z" finished-at="2018-03-20T09:53:08Z">
          <reporter-output>
          </reporter-output>
        </test-method> <!-- setUpClass -->
        <test-method status="PASS" signature="feature(cucumber.api.testng.CucumberFeatureWrapper)[pri:0, instance:com.jaga.cucumber.framework.runner.SignInPageRunner@1fffcd7]" name="feature" duration-ms="30256" started-at="2018-03-20T09:53:08Z" description="Runs Cucumber Feature" data-provider="features" finished-at="2018-03-20T09:53:38Z">
          <params>
            <param index="0">
              <value>
                <![CDATA[Sign in to the GCR application]]>
              </value>
            </param>
          </params>
          <reporter-output>
          </reporter-output>
        </test-method> <!-- feature -->
        <test-method status="PASS" signature="tearDownClass()[pri:0, instance:com.jaga.cucumber.framework.runner.SignInPageRunner@1fffcd7]" name="tearDownClass" is-config="true" duration-ms="133" started-at="2018-03-20T09:53:38Z" finished-at="2018-03-20T09:53:39Z">
          <reporter-output>
          </reporter-output>
        </test-method> <!-- tearDownClass -->
      </class> <!-- com.jaga.cucumber.framework.runner.SignInPageRunner -->
    </test> <!-- AccountCreationAndSignIn -->
  </suite> <!-- Suite -->
</testng-results>
